#
# There is insufficient memory for the Java Runtime Environment to continue.
# Native memory allocation (malloc) failed to allocate 1573456 bytes for Chunk::new
# Possible reasons:
#   The system is out of physical RAM or swap space
#   The process is running with CompressedOops enabled, and the Java Heap may be blocking the growth of the native heap
# Possible solutions:
#   Reduce memory load on the system
#   Increase physical memory or swap space
#   Check if swap backing store is full
#   Decrease Java heap size (-Xmx/-Xms)
#   Decrease number of Java threads
#   Decrease Java thread stack sizes (-Xss)
#   Set larger code cache with -XX:ReservedCodeCacheSize=
#   JVM is running with Unscaled Compressed Oops mode in which the Java heap is
#     placed in the first 4GB address space. The Java Heap base address is the
#     maximum limit for the native heap growth. Please use -XX:HeapBaseMinAddress
#     to set the Java Heap base and to place the Java Heap above 4GB virtual address.
# This output file may be truncated or incomplete.
#
#  Out of Memory Error (allocation.cpp:389), pid=78648, tid=0x0000000000011dbc
#
# JRE version: OpenJDK Runtime Environment (8.0_242-b01) (build 1.8.0_242-release-1644-b01)
# Java VM: OpenJDK 64-Bit Server VM (25.242-b01 mixed mode windows-amd64 compressed oops)
# Failed to write core dump. Minidumps are not enabled by default on client versions of Windows
#

---------------  T H R E A D  ---------------

Current thread (0x0000000019768800):  JavaThread "C2 CompilerThread3" daemon [_thread_in_native, id=73148, stack(0x000000001b6e0000,0x000000001b7e0000)]

Stack: [0x000000001b6e0000,0x000000001b7e0000]
[error occurred during error reporting (printing stack bounds), id 0xc0000005]

Native frames: (J=compiled Java code, j=interpreted, Vv=VM code, C=native code)


Current CompileTask:
C2:  14192 5575       4       sun.reflect.generics.parser.SignatureParser::parsePackageNameAndSimpleClassTypeSignature (139 bytes)


---------------  P R O C E S S  ---------------

Java Threads: ( => current thread )
  0x000000001e8a9000 JavaThread "Cache worker for Build Output Cleanup Cache (E:\Openclassrooms\Go4Lunch\.gradle\buildOutputCleanup)" [_thread_blocked, id=77928, stack(0x000000002ce70000,0x000000002cf70000)]
  0x000000001e8a4800 JavaThread "jar transforms Thread 94" [_thread_blocked, id=79188, stack(0x000000002cb70000,0x000000002cc70000)]
  0x000000001e8a5800 JavaThread "jar transforms Thread 93" [_thread_blocked, id=47348, stack(0x000000002ca70000,0x000000002cb70000)]
  0x000000001e8a4000 JavaThread "jar transforms Thread 92" [_thread_blocked, id=17972, stack(0x000000002c970000,0x000000002ca70000)]
  0x000000001e8a2800 JavaThread "jar transforms Thread 91" [_thread_blocked, id=78636, stack(0x000000002c870000,0x000000002c970000)]
  0x000000001e8a1800 JavaThread "jar transforms Thread 90" [_thread_blocked, id=77124, stack(0x000000002c770000,0x000000002c870000)]
  0x000000001e89f800 JavaThread "jar transforms Thread 89" [_thread_blocked, id=72052, stack(0x000000002c670000,0x000000002c770000)]
  0x000000001e8a3000 JavaThread "jar transforms Thread 88" [_thread_blocked, id=80184, stack(0x000000002c570000,0x000000002c670000)]
  0x000000001e89e000 JavaThread "jar transforms Thread 87" [_thread_blocked, id=1608, stack(0x000000002c470000,0x000000002c570000)]
  0x000000001e89d000 JavaThread "jar transforms Thread 86" [_thread_blocked, id=17700, stack(0x000000002c370000,0x000000002c470000)]
  0x000000001e8a1000 JavaThread "jar transforms Thread 85" [_thread_blocked, id=58764, stack(0x000000002c270000,0x000000002c370000)]
  0x000000001e89c800 JavaThread "jar transforms Thread 84" [_thread_blocked, id=76468, stack(0x000000002c170000,0x000000002c270000)]
  0x000000001e8a0000 JavaThread "jar transforms Thread 83" [_thread_blocked, id=75888, stack(0x000000002c070000,0x000000002c170000)]
  0x0000000019a69000 JavaThread "jar transforms Thread 82" [_thread_blocked, id=79296, stack(0x000000002bf70000,0x000000002c070000)]
  0x0000000019a6a800 JavaThread "jar transforms Thread 81" [_thread_blocked, id=74212, stack(0x000000002be70000,0x000000002bf70000)]
  0x0000000019a66000 JavaThread "jar transforms Thread 80" [_thread_blocked, id=35196, stack(0x000000002bd70000,0x000000002be70000)]
  0x0000000019a6a000 JavaThread "jar transforms Thread 79" [_thread_blocked, id=75768, stack(0x000000002bc70000,0x000000002bd70000)]
  0x0000000019a6b800 JavaThread "jar transforms Thread 78" [_thread_blocked, id=79028, stack(0x000000002bb70000,0x000000002bc70000)]
  0x0000000019a68800 JavaThread "jar transforms Thread 77" [_thread_blocked, id=79960, stack(0x000000002ba70000,0x000000002bb70000)]
  0x0000000019a67800 JavaThread "jar transforms Thread 76" [_thread_blocked, id=80504, stack(0x000000002b970000,0x000000002ba70000)]
  0x0000000019a60000 JavaThread "jar transforms Thread 75" [_thread_blocked, id=70616, stack(0x000000002b870000,0x000000002b970000)]
  0x0000000019a61800 JavaThread "jar transforms Thread 74" [_thread_blocked, id=77876, stack(0x000000002b770000,0x000000002b870000)]
  0x0000000019a65800 JavaThread "jar transforms Thread 73" [_thread_blocked, id=77416, stack(0x000000002b670000,0x000000002b770000)]
  0x0000000019a67000 JavaThread "jar transforms Thread 72" [_thread_blocked, id=60348, stack(0x000000002b570000,0x000000002b670000)]
  0x0000000019a64800 JavaThread "jar transforms Thread 71" [_thread_blocked, id=80616, stack(0x000000002b470000,0x000000002b570000)]
  0x0000000019a5e800 JavaThread "jar transforms Thread 70" [_thread_blocked, id=48648, stack(0x000000002b370000,0x000000002b470000)]
  0x0000000019a5e000 JavaThread "jar transforms Thread 69" [_thread_blocked, id=80852, stack(0x000000002b270000,0x000000002b370000)]
  0x0000000019a5f800 JavaThread "jar transforms Thread 68" [_thread_blocked, id=77840, stack(0x000000002b170000,0x000000002b270000)]
  0x0000000019a61000 JavaThread "jar transforms Thread 67" [_thread_blocked, id=77748, stack(0x000000002b070000,0x000000002b170000)]
  0x0000000019a64000 JavaThread "jar transforms Thread 66" [_thread_blocked, id=76964, stack(0x000000002af70000,0x000000002b070000)]
  0x0000000019a63000 JavaThread "jar transforms Thread 65" [_thread_blocked, id=77900, stack(0x000000002ae70000,0x000000002af70000)]
  0x0000000019a62800 JavaThread "jar transforms Thread 64" [_thread_blocked, id=1352, stack(0x000000002ad70000,0x000000002ae70000)]
  0x0000000019a5d000 JavaThread "jar transforms Thread 63" [_thread_blocked, id=77940, stack(0x000000002ac70000,0x000000002ad70000)]
  0x0000000019a5c800 JavaThread "jar transforms Thread 62" [_thread_blocked, id=68168, stack(0x000000002ab70000,0x000000002ac70000)]
  0x0000000023277800 JavaThread "jar transforms Thread 61" [_thread_blocked, id=70564, stack(0x000000002aa70000,0x000000002ab70000)]
  0x0000000023277000 JavaThread "jar transforms Thread 60" [_thread_blocked, id=50372, stack(0x000000002a970000,0x000000002aa70000)]
  0x0000000023276000 JavaThread "jar transforms Thread 59" [_thread_blocked, id=78720, stack(0x000000002a870000,0x000000002a970000)]
  0x0000000023275000 JavaThread "jar transforms Thread 58" [_thread_blocked, id=73732, stack(0x000000002a770000,0x000000002a870000)]
  0x0000000023274800 JavaThread "jar transforms Thread 57" [_thread_blocked, id=79860, stack(0x000000002a670000,0x000000002a770000)]
  0x0000000023273800 JavaThread "jar transforms Thread 56" [_thread_blocked, id=63360, stack(0x000000002a570000,0x000000002a670000)]
  0x0000000023278800 JavaThread "jar transforms Thread 55" [_thread_blocked, id=79624, stack(0x000000002a470000,0x000000002a570000)]
  0x0000000023273000 JavaThread "jar transforms Thread 54" [_thread_blocked, id=59652, stack(0x000000002a370000,0x000000002a470000)]
  0x000000002326b800 JavaThread "jar transforms Thread 53" [_thread_blocked, id=78948, stack(0x000000002a270000,0x000000002a370000)]
  0x0000000023271800 JavaThread "jar transforms Thread 52" [_thread_blocked, id=52384, stack(0x000000002a170000,0x000000002a270000)]
  0x000000002326d000 JavaThread "jar transforms Thread 51" [_thread_blocked, id=75560, stack(0x000000002a070000,0x000000002a170000)]
  0x0000000023270800 JavaThread "jar transforms Thread 50" [_thread_blocked, id=80804, stack(0x0000000029f70000,0x000000002a070000)]
  0x000000002326c000 JavaThread "jar transforms Thread 49" [_thread_blocked, id=60168, stack(0x0000000029e70000,0x0000000029f70000)]
  0x0000000023272000 JavaThread "jar transforms Thread 48" [_thread_blocked, id=78016, stack(0x0000000029d70000,0x0000000029e70000)]
  0x0000000023269000 JavaThread "jar transforms Thread 47" [_thread_blocked, id=36796, stack(0x0000000029c70000,0x0000000029d70000)]
  0x000000002326e800 JavaThread "jar transforms Thread 46" [_thread_blocked, id=79772, stack(0x0000000029b70000,0x0000000029c70000)]
  0x000000002326f000 JavaThread "jar transforms Thread 45" [_thread_blocked, id=74812, stack(0x0000000029a70000,0x0000000029b70000)]
  0x000000002326a800 JavaThread "jar transforms Thread 44" [_thread_blocked, id=69776, stack(0x0000000029970000,0x0000000029a70000)]
  0x0000000023270000 JavaThread "jar transforms Thread 43" [_thread_blocked, id=75976, stack(0x0000000029870000,0x0000000029970000)]
  0x000000002326a000 JavaThread "jar transforms Thread 42" [_thread_blocked, id=74744, stack(0x0000000029770000,0x0000000029870000)]
  0x000000002326d800 JavaThread "jar transforms Thread 41" [_thread_blocked, id=59800, stack(0x0000000029670000,0x0000000029770000)]
  0x000000001c9ac800 JavaThread "jar transforms Thread 40" [_thread_blocked, id=57668, stack(0x0000000029570000,0x0000000029670000)]
  0x000000001c9a9800 JavaThread "jar transforms Thread 39" [_thread_blocked, id=50488, stack(0x0000000029470000,0x0000000029570000)]
  0x000000001c9b0800 JavaThread "jar transforms Thread 38" [_thread_blocked, id=70380, stack(0x0000000029370000,0x0000000029470000)]
  0x000000001c9ad800 JavaThread "jar transforms Thread 37" [_thread_blocked, id=68316, stack(0x0000000029270000,0x0000000029370000)]
  0x000000001c9aa800 JavaThread "jar transforms Thread 36" [_thread_blocked, id=78788, stack(0x0000000029170000,0x0000000029270000)]
  0x000000001c9ab000 JavaThread "jar transforms Thread 35" [_thread_blocked, id=35076, stack(0x0000000029070000,0x0000000029170000)]
  0x000000001c9ac000 JavaThread "jar transforms Thread 34" [_thread_blocked, id=80376, stack(0x0000000028f70000,0x0000000029070000)]
  0x000000001c9af000 JavaThread "jar transforms Thread 33" [_thread_blocked, id=78712, stack(0x0000000028e70000,0x0000000028f70000)]
  0x000000001c9ae000 JavaThread "jar transforms Thread 32" [_thread_blocked, id=45744, stack(0x0000000028d70000,0x0000000028e70000)]
  0x000000001c9af800 JavaThread "jar transforms Thread 31" [_thread_blocked, id=79420, stack(0x0000000028c70000,0x0000000028d70000)]
  0x000000001c9a2000 JavaThread "jar transforms Thread 30" [_thread_blocked, id=71004, stack(0x0000000028b70000,0x0000000028c70000)]
  0x000000001c9a9000 JavaThread "jar transforms Thread 29" [_thread_blocked, id=67924, stack(0x0000000028a70000,0x0000000028b70000)]
  0x000000001c9a1000 JavaThread "jar transforms Thread 28" [_thread_blocked, id=58492, stack(0x0000000028970000,0x0000000028a70000)]
  0x000000001c9a7800 JavaThread "jar transforms Thread 27" [_thread_blocked, id=37360, stack(0x0000000028870000,0x0000000028970000)]
  0x000000001c9a6000 JavaThread "jar transforms Thread 26" [_thread_blocked, id=67360, stack(0x0000000028770000,0x0000000028870000)]
  0x000000001c9a4800 JavaThread "jar transforms Thread 25" [_thread_blocked, id=71172, stack(0x0000000028670000,0x0000000028770000)]
  0x000000001c9a2800 JavaThread "jar transforms Thread 24" [_thread_blocked, id=80216, stack(0x0000000028570000,0x0000000028670000)]
  0x000000001c9a6800 JavaThread "jar transforms Thread 23" [_thread_blocked, id=67848, stack(0x0000000028470000,0x0000000028570000)]
  0x000000001c9a8000 JavaThread "jar transforms Thread 22" [_thread_blocked, id=77108, stack(0x0000000028370000,0x0000000028470000)]
  0x000000001c9a5000 JavaThread "jar transforms Thread 21" [_thread_blocked, id=77780, stack(0x0000000028270000,0x0000000028370000)]
  0x000000001c9a3800 JavaThread "jar transforms Thread 20" [_thread_blocked, id=65680, stack(0x0000000028170000,0x0000000028270000)]
  0x000000001d774000 JavaThread "jar transforms Thread 19" [_thread_blocked, id=66088, stack(0x0000000028070000,0x0000000028170000)]
  0x000000001d773800 JavaThread "jar transforms Thread 18" [_thread_blocked, id=6068, stack(0x0000000027f70000,0x0000000028070000)]
  0x000000001d775000 JavaThread "jar transforms Thread 17" [_thread_blocked, id=67716, stack(0x0000000027e70000,0x0000000027f70000)]
  0x000000001d772800 JavaThread "jar transforms Thread 16" [_thread_blocked, id=55156, stack(0x0000000027d70000,0x0000000027e70000)]
  0x000000001d771000 JavaThread "jar transforms Thread 15" [_thread_blocked, id=57036, stack(0x0000000027c70000,0x0000000027d70000)]
  0x000000001d772000 JavaThread "jar transforms Thread 14" [_thread_blocked, id=61308, stack(0x0000000027b70000,0x0000000027c70000)]
  0x000000001d770800 JavaThread "jar transforms Thread 13" [_thread_blocked, id=46512, stack(0x0000000027a70000,0x0000000027b70000)]
  0x000000001d768800 JavaThread "jar transforms Thread 12" [_thread_blocked, id=57412, stack(0x0000000027970000,0x0000000027a70000)]
  0x000000001d76f800 JavaThread "jar transforms Thread 11" [_thread_blocked, id=70464, stack(0x0000000027870000,0x0000000027970000)]
  0x000000001d76f000 JavaThread "jar transforms Thread 10" [_thread_blocked, id=80324, stack(0x0000000027770000,0x0000000027870000)]
  0x000000001d767000 JavaThread "jar transforms Thread 9" [_thread_blocked, id=77276, stack(0x0000000027670000,0x0000000027770000)]
  0x000000001d76e000 JavaThread "jar transforms Thread 8" [_thread_blocked, id=78156, stack(0x0000000027570000,0x0000000027670000)]
  0x000000001d766800 JavaThread "jar transforms Thread 7" [_thread_blocked, id=51504, stack(0x0000000027470000,0x0000000027570000)]
  0x000000001d76d000 JavaThread "jar transforms Thread 6" [_thread_blocked, id=78652, stack(0x0000000027370000,0x0000000027470000)]
  0x000000001d765800 JavaThread "jar transforms Thread 5" [_thread_blocked, id=76672, stack(0x0000000027270000,0x0000000027370000)]
  0x000000001d768000 JavaThread "jar transforms Thread 4" [_thread_blocked, id=80680, stack(0x0000000027170000,0x0000000027270000)]
  0x000000001d769800 JavaThread "jar transforms Thread 3" [_thread_blocked, id=18708, stack(0x0000000027070000,0x0000000027170000)]
  0x000000001d76b800 JavaThread "jar transforms Thread 2" [_thread_blocked, id=76748, stack(0x0000000026f70000,0x0000000027070000)]
  0x000000001d76c800 JavaThread "Build operations Thread 16" [_thread_blocked, id=41720, stack(0x0000000026c70000,0x0000000026d70000)]
  0x000000001d76b000 JavaThread "Build operations Thread 15" [_thread_blocked, id=75080, stack(0x0000000026b70000,0x0000000026c70000)]
  0x000000001d76a000 JavaThread "Build operations Thread 14" [_thread_blocked, id=78732, stack(0x0000000026a70000,0x0000000026b70000)]
  0x0000000019824000 JavaThread "Build operations Thread 13" [_thread_blocked, id=73280, stack(0x0000000026970000,0x0000000026a70000)]
  0x0000000019825800 JavaThread "Build operations Thread 12" [_thread_blocked, id=78632, stack(0x0000000026870000,0x0000000026970000)]
  0x0000000019827000 JavaThread "Build operations Thread 11" [_thread_blocked, id=75252, stack(0x0000000026770000,0x0000000026870000)]
  0x0000000019826800 JavaThread "Build operations Thread 10" [_thread_blocked, id=76404, stack(0x0000000026670000,0x0000000026770000)]
  0x0000000019829800 JavaThread "Build operations Thread 9" [_thread_blocked, id=75112, stack(0x0000000026570000,0x0000000026670000)]
  0x0000000019828800 JavaThread "Build operations Thread 8" [_thread_blocked, id=69476, stack(0x0000000026470000,0x0000000026570000)]
  0x0000000019823800 JavaThread "Build operations Thread 7" [_thread_blocked, id=77996, stack(0x0000000026370000,0x0000000026470000)]
  0x0000000019825000 JavaThread "Build operations Thread 6" [_thread_blocked, id=80256, stack(0x0000000026270000,0x0000000026370000)]
  0x0000000019828000 JavaThread "Build operations Thread 5" [_thread_blocked, id=10288, stack(0x0000000026170000,0x0000000026270000)]
  0x000000001981c000 JavaThread "Build operations Thread 4" [_thread_blocked, id=8660, stack(0x0000000026070000,0x0000000026170000)]
  0x0000000019822800 JavaThread "Build operations Thread 3" [_thread_blocked, id=75596, stack(0x0000000025f70000,0x0000000026070000)]
  0x0000000019822000 JavaThread "Build operations Thread 2" [_thread_blocked, id=28780, stack(0x0000000025e70000,0x0000000025f70000)]
  0x0000000019821000 JavaThread "Build operations" [_thread_blocked, id=76816, stack(0x0000000025d70000,0x0000000025e70000)]
  0x000000001981f800 JavaThread "Cache worker for file content cache (E:\Android Studio\.gradle\caches\6.5\fileContent)" [_thread_blocked, id=79148, stack(0x0000000025670000,0x0000000025770000)]
  0x000000001981b000 JavaThread "jar transforms" [_thread_blocked, id=71124, stack(0x0000000023cd0000,0x0000000023dd0000)]
  0x0000000019820800 JavaThread "Cache worker for execution history cache (E:\Android Studio\.gradle\caches\6.5\executionHistory)" [_thread_blocked, id=75616, stack(0x0000000023bd0000,0x0000000023cd0000)]
  0x00000000197b4000 JavaThread "Cache worker for cache directory md-rule (E:\Android Studio\.gradle\caches\6.5\md-rule)" [_thread_blocked, id=78000, stack(0x0000000023ad0000,0x0000000023bd0000)]
  0x00000000197b2800 JavaThread "Cache worker for cache directory md-supplier (E:\Android Studio\.gradle\caches\6.5\md-supplier)" [_thread_blocked, id=35396, stack(0x00000000239d0000,0x0000000023ad0000)]
  0x00000000197b5000 JavaThread "Cache worker for checksums cache (E:\Openclassrooms\Go4Lunch\.gradle\checksums)" [_thread_blocked, id=58744, stack(0x00000000237d0000,0x00000000238d0000)]
  0x00000000197b3800 JavaThread "Cache worker for file hash cache (E:\Openclassrooms\Go4Lunch\.gradle\6.5\fileHashes)" [_thread_blocked, id=28176, stack(0x00000000234d0000,0x00000000235d0000)]
  0x00000000197b2000 JavaThread "Cache worker for file hash cache (E:\Android Studio\.gradle\caches\6.5\fileHashes)" [_thread_blocked, id=6328, stack(0x0000000020260000,0x0000000020360000)]
  0x00000000197b1000 JavaThread "File lock request listener" [_thread_in_native, id=56184, stack(0x0000000020160000,0x0000000020260000)]
  0x000000001dcb0800 JavaThread "Cache worker for journal cache (E:\Android Studio\.gradle\caches\journal-1)" [_thread_blocked, id=80232, stack(0x0000000020060000,0x0000000020160000)]
  0x000000001cb7d000 JavaThread "Thread-9" [_thread_blocked, id=75200, stack(0x000000001fd60000,0x000000001fe60000)]
  0x000000001cb7c000 JavaThread "Stdin handler" [_thread_blocked, id=76408, stack(0x000000001fc60000,0x000000001fd60000)]
  0x000000001cb7b800 JavaThread "Asynchronous log dispatcher for DefaultDaemonConnection: socket connection from /127.0.0.1:56061 to /127.0.0.1:56062" [_thread_blocked, id=70104, stack(0x000000001fb60000,0x000000001fc60000)]
  0x000000001d7bf000 JavaThread "Daemon worker" [_thread_in_Java, id=70944, stack(0x000000001fa60000,0x000000001fb60000)]
  0x000000001d7bd800 JavaThread "Cancel handler" [_thread_blocked, id=58644, stack(0x000000001f960000,0x000000001fa60000)]
  0x000000001d40f000 JavaThread "Handler for socket connection from /127.0.0.1:56061 to /127.0.0.1:56062" [_thread_in_native, id=77236, stack(0x000000001f860000,0x000000001f960000)]
  0x000000001ca48800 JavaThread "Daemon" [_thread_blocked, id=38212, stack(0x000000001f760000,0x000000001f860000)]
  0x000000001cfd5000 JavaThread "Daemon periodic checks" [_thread_blocked, id=77324, stack(0x000000001f460000,0x000000001f560000)]
  0x000000001ca4b000 JavaThread "Incoming local TCP Connector on port 56061" [_thread_in_native, id=78716, stack(0x000000001f1f0000,0x000000001f2f0000)]
  0x000000001d1a6800 JavaThread "Daemon health stats" [_thread_blocked, id=79168, stack(0x000000001d9b0000,0x000000001dab0000)]
  0x000000001983c800 JavaThread "Service Thread" daemon [_thread_blocked, id=78860, stack(0x000000001bfe0000,0x000000001c0e0000)]
  0x00000000197b5800 JavaThread "C1 CompilerThread11" daemon [_thread_blocked, id=73688, stack(0x000000001bee0000,0x000000001bfe0000)]
  0x00000000197b8000 JavaThread "C1 CompilerThread10" daemon [_thread_blocked, id=73120, stack(0x000000001bde0000,0x000000001bee0000)]
  0x00000000197b6800 JavaThread "C1 CompilerThread9" daemon [_thread_blocked, id=3040, stack(0x000000001bce0000,0x000000001bde0000)]
  0x00000000197b7000 JavaThread "C1 CompilerThread8" daemon [_thread_blocked, id=77696, stack(0x000000001bbe0000,0x000000001bce0000)]
  0x000000001979e800 JavaThread "C2 CompilerThread7" daemon [_thread_in_native, id=67240, stack(0x000000001bae0000,0x000000001bbe0000)]
  0x0000000019791800 JavaThread "C2 CompilerThread6" daemon [_thread_in_native, id=21660, stack(0x000000001b9e0000,0x000000001bae0000)]
  0x0000000019779000 JavaThread "C2 CompilerThread5" daemon [_thread_blocked, id=31172, stack(0x000000001b8e0000,0x000000001b9e0000)]
  0x000000001976a000 JavaThread "C2 CompilerThread4" daemon [_thread_in_native, id=79692, stack(0x000000001b7e0000,0x000000001b8e0000)]
=>0x0000000019768800 JavaThread "C2 CompilerThread3" daemon [_thread_in_native, id=73148, stack(0x000000001b6e0000,0x000000001b7e0000)]
  0x0000000019765800 JavaThread "C2 CompilerThread2" daemon [_thread_in_native, id=79564, stack(0x000000001b5e0000,0x000000001b6e0000)]
  0x0000000019765000 JavaThread "C2 CompilerThread1" daemon [_thread_blocked, id=26780, stack(0x000000001b4e0000,0x000000001b5e0000)]
  0x0000000019762800 JavaThread "C2 CompilerThread0" daemon [_thread_in_native, id=76252, stack(0x000000001b3e0000,0x000000001b4e0000)]
  0x0000000019761000 JavaThread "Attach Listener" daemon [_thread_blocked, id=41788, stack(0x000000001b2e0000,0x000000001b3e0000)]
  0x000000001975e800 JavaThread "Signal Dispatcher" daemon [_thread_blocked, id=50156, stack(0x000000001b1e0000,0x000000001b2e0000)]
  0x0000000017cf3000 JavaThread "Finalizer" daemon [_thread_blocked, id=79140, stack(0x000000001afb0000,0x000000001b0b0000)]
  0x0000000019746000 JavaThread "Reference Handler" daemon [_thread_blocked, id=40472, stack(0x000000001aeb0000,0x000000001afb0000)]
  0x0000000000e6d800 JavaThread "main" [_thread_blocked, id=60048, stack(0x0000000002550000,0x0000000002650000)]

Other Threads:
  0x0000000019722000 VMThread [stack: 0x000000001adb0000,0x000000001aeb0000] [id=2248]
  0x0000000019842000 WatcherThread [stack: 0x000000001c0e0000,0x000000001c1e0000] [id=71340]

VM state:not at safepoint (normal execution)

VM Mutex/Monitor currently owned by a thread: None

heap address: 0x0000000080000000, size: 2048 MB, Compressed Oops mode: 32-bit
Narrow klass base: 0x0000000000000000, Narrow klass shift: 3
Compressed class space size: 1073741824 Address: 0x0000000100000000

Heap:
 PSYoungGen      total 193536K, used 96078K [0x00000000d5580000, 0x00000000e3700000, 0x0000000100000000)
  eden space 176640K, 44% used [0x00000000d5580000,0x00000000da2d7448,0x00000000e0200000)
  from space 16896K, 99% used [0x00000000e1800000,0x00000000e287c5f8,0x00000000e2880000)
  to   space 22528K, 0% used [0x00000000e0200000,0x00000000e0200000,0x00000000e1800000)
 ParOldGen       total 220160K, used 20889K [0x0000000080000000, 0x000000008d700000, 0x00000000d5580000)
  object space 220160K, 9% used [0x0000000080000000,0x0000000081466718,0x000000008d700000)
 Metaspace       used 56080K, capacity 58568K, committed 58840K, reserved 1099776K
  class space    used 7622K, capacity 8134K, committed 8192K, reserved 1048576K

Card table byte_map: [0x0000000011b10000,0x0000000011f20000] byte_map_base: 0x0000000011710000

Marking Bits: (ParMarkBitMap*) 0x000000007384f030
 Begin Bits: [0x0000000012ed0000, 0x0000000014ed0000)
 End Bits:   [0x0000000014ed0000, 0x0000000016ed0000)

Polling page: 0x0000000002500000

CodeCache: size=245760Kb used=19907Kb max_used=19921Kb free=225852Kb
 bounds [0x0000000002750000, 0x0000000003ae0000, 0x0000000011750000]
 total_blobs=6101 nmethods=5331 adapters=678
 compilation: enabled

Compilation events (10 events):
Event: 14.187 Thread 0x00000000197b7000 nmethod 5698 0x0000000003ac1690 code [0x0000000003ac19c0, 0x0000000003ac31f8]
Event: 14.188 Thread 0x00000000197b8000 5699       3       org.codehaus.groovy.runtime.MetaClassHelper::getMaximumInterfaceDistance (101 bytes)
Event: 14.188 Thread 0x00000000197b6800 5700       3       groovyjarjarasm.asm.Frame::merge (395 bytes)
Event: 14.188 Thread 0x00000000197b8000 nmethod 5699 0x0000000003aae310 code [0x0000000003aae4e0, 0x0000000003aaeb38]
Event: 14.188 Thread 0x00000000197b5800 5701       3       groovyjarjarasm.asm.Frame::<init> (10 bytes)
Event: 14.188 Thread 0x00000000197b5800 nmethod 5701 0x0000000003ab5690 code [0x0000000003ab57e0, 0x0000000003ab59b0]
Event: 14.189 Thread 0x00000000197b6800 nmethod 5700 0x0000000003ac3e50 code [0x0000000003ac40c0, 0x0000000003ac4e38]
Event: 14.190 Thread 0x00000000197b7000 5702       3       org.gradle.internal.service.DefaultServiceRegistry::get (44 bytes)
Event: 14.190 Thread 0x00000000197b7000 nmethod 5702 0x0000000003ac5790 code [0x0000000003ac5a60, 0x0000000003ac6e48]
Event: 14.191 Thread 0x0000000019791800 5703       4       java.util.Properties$LineReader::readLine (468 bytes)

GC Heap History (10 events):
Event: 8.943 GC heap before
{Heap before GC invocations=4 (full 1):
 PSYoungGen      total 153088K, used 131584K [0x00000000d5580000, 0x00000000e0000000, 0x0000000100000000)
  eden space 131584K, 100% used [0x00000000d5580000,0x00000000dd600000,0x00000000dd600000)
  from space 21504K, 0% used [0x00000000deb00000,0x00000000deb00000,0x00000000e0000000)
  to   space 21504K, 0% used [0x00000000dd600000,0x00000000dd600000,0x00000000deb00000)
 ParOldGen       total 145408K, used 13642K [0x0000000080000000, 0x0000000088e00000, 0x00000000d5580000)
  object space 145408K, 9% used [0x0000000080000000,0x0000000080d52a40,0x0000000088e00000)
 Metaspace       used 32656K, capacity 33744K, committed 33920K, reserved 1079296K
  class space    used 4435K, capacity 4690K, committed 4736K, reserved 1048576K
Event: 8.948 GC heap after
Heap after GC invocations=4 (full 1):
 PSYoungGen      total 153088K, used 13876K [0x00000000d5580000, 0x00000000e0000000, 0x0000000100000000)
  eden space 131584K, 0% used [0x00000000d5580000,0x00000000d5580000,0x00000000dd600000)
  from space 21504K, 64% used [0x00000000dd600000,0x00000000de38d2f0,0x00000000deb00000)
  to   space 21504K, 0% used [0x00000000deb00000,0x00000000deb00000,0x00000000e0000000)
 ParOldGen       total 145408K, used 13650K [0x0000000080000000, 0x0000000088e00000, 0x00000000d5580000)
  object space 145408K, 9% used [0x0000000080000000,0x0000000080d54a40,0x0000000088e00000)
 Metaspace       used 32656K, capacity 33744K, committed 33920K, reserved 1079296K
  class space    used 4435K, capacity 4690K, committed 4736K, reserved 1048576K
}
Event: 9.088 GC heap before
{Heap before GC invocations=5 (full 1):
 PSYoungGen      total 153088K, used 50661K [0x00000000d5580000, 0x00000000e0000000, 0x0000000100000000)
  eden space 131584K, 27% used [0x00000000d5580000,0x00000000d796c1e8,0x00000000dd600000)
  from space 21504K, 64% used [0x00000000dd600000,0x00000000de38d2f0,0x00000000deb00000)
  to   space 21504K, 0% used [0x00000000deb00000,0x00000000deb00000,0x00000000e0000000)
 ParOldGen       total 145408K, used 13650K [0x0000000080000000, 0x0000000088e00000, 0x00000000d5580000)
  object space 145408K, 9% used [0x0000000080000000,0x0000000080d54a40,0x0000000088e00000)
 Metaspace       used 34194K, capacity 35392K, committed 35416K, reserved 1079296K
  class space    used 4694K, capacity 4973K, committed 4992K, reserved 1048576K
Event: 9.091 GC heap after
Heap after GC invocations=5 (full 1):
 PSYoungGen      total 153088K, used 8356K [0x00000000d5580000, 0x00000000e0000000, 0x0000000100000000)
  eden space 131584K, 0% used [0x00000000d5580000,0x00000000d5580000,0x00000000dd600000)
  from space 21504K, 38% used [0x00000000deb00000,0x00000000df3291f0,0x00000000e0000000)
  to   space 21504K, 0% used [0x00000000dd600000,0x00000000dd600000,0x00000000deb00000)
 ParOldGen       total 145408K, used 13658K [0x0000000080000000, 0x0000000088e00000, 0x00000000d5580000)
  object space 145408K, 9% used [0x0000000080000000,0x0000000080d56a40,0x0000000088e00000)
 Metaspace       used 34194K, capacity 35392K, committed 35416K, reserved 1079296K
  class space    used 4694K, capacity 4973K, committed 4992K, reserved 1048576K
}
Event: 9.091 GC heap before
{Heap before GC invocations=6 (full 2):
 PSYoungGen      total 153088K, used 8356K [0x00000000d5580000, 0x00000000e0000000, 0x0000000100000000)
  eden space 131584K, 0% used [0x00000000d5580000,0x00000000d5580000,0x00000000dd600000)
  from space 21504K, 38% used [0x00000000deb00000,0x00000000df3291f0,0x00000000e0000000)
  to   space 21504K, 0% used [0x00000000dd600000,0x00000000dd600000,0x00000000deb00000)
 ParOldGen       total 145408K, used 13658K [0x0000000080000000, 0x0000000088e00000, 0x00000000d5580000)
  object space 145408K, 9% used [0x0000000080000000,0x0000000080d56a40,0x0000000088e00000)
 Metaspace       used 34194K, capacity 35392K, committed 35416K, reserved 1079296K
  class space    used 4694K, capacity 4973K, committed 4992K, reserved 1048576K
Event: 9.112 GC heap after
Heap after GC invocations=6 (full 2):
 PSYoungGen      total 153088K, used 0K [0x00000000d5580000, 0x00000000e0000000, 0x0000000100000000)
  eden space 131584K, 0% used [0x00000000d5580000,0x00000000d5580000,0x00000000dd600000)
  from space 21504K, 0% used [0x00000000deb00000,0x00000000deb00000,0x00000000e0000000)
  to   space 21504K, 0% used [0x00000000dd600000,0x00000000dd600000,0x00000000deb00000)
 ParOldGen       total 220160K, used 14737K [0x0000000080000000, 0x000000008d700000, 0x00000000d5580000)
  object space 220160K, 6% used [0x0000000080000000,0x0000000080e64590,0x000000008d700000)
 Metaspace       used 34194K, capacity 35392K, committed 35416K, reserved 1079296K
  class space    used 4694K, capacity 4973K, committed 4992K, reserved 1048576K
}
Event: 12.587 GC heap before
{Heap before GC invocations=7 (full 2):
 PSYoungGen      total 153088K, used 131584K [0x00000000d5580000, 0x00000000e0000000, 0x0000000100000000)
  eden space 131584K, 100% used [0x00000000d5580000,0x00000000dd600000,0x00000000dd600000)
  from space 21504K, 0% used [0x00000000deb00000,0x00000000deb00000,0x00000000e0000000)
  to   space 21504K, 0% used [0x00000000dd600000,0x00000000dd600000,0x00000000deb00000)
 ParOldGen       total 220160K, used 14737K [0x0000000080000000, 0x000000008d700000, 0x00000000d5580000)
  object space 220160K, 6% used [0x0000000080000000,0x0000000080e64590,0x000000008d700000)
 Metaspace       used 40381K, capacity 42338K, committed 42584K, reserved 1085440K
  class space    used 5548K, capacity 5912K, committed 6016K, reserved 1048576K
Event: 12.591 GC heap after
Heap after GC invocations=7 (full 2):
 PSYoungGen      total 153088K, used 12827K [0x00000000d5580000, 0x00000000e2880000, 0x0000000100000000)
  eden space 131584K, 0% used [0x00000000d5580000,0x00000000d5580000,0x00000000dd600000)
  from space 21504K, 59% used [0x00000000dd600000,0x00000000de286d78,0x00000000deb00000)
  to   space 16896K, 0% used [0x00000000e1800000,0x00000000e1800000,0x00000000e2880000)
 ParOldGen       total 220160K, used 14745K [0x0000000080000000, 0x000000008d700000, 0x00000000d5580000)
  object space 220160K, 6% used [0x0000000080000000,0x0000000080e66590,0x000000008d700000)
 Metaspace       used 40381K, capacity 42338K, committed 42584K, reserved 1085440K
  class space    used 5548K, capacity 5912K, committed 6016K, reserved 1048576K
}
Event: 13.564 GC heap before
{Heap before GC invocations=8 (full 2):
 PSYoungGen      total 153088K, used 144411K [0x00000000d5580000, 0x00000000e2880000, 0x0000000100000000)
  eden space 131584K, 100% used [0x00000000d5580000,0x00000000dd600000,0x00000000dd600000)
  from space 21504K, 59% used [0x00000000dd600000,0x00000000de286d78,0x00000000deb00000)
  to   space 16896K, 0% used [0x00000000e1800000,0x00000000e1800000,0x00000000e2880000)
 ParOldGen       total 220160K, used 14745K [0x0000000080000000, 0x000000008d700000, 0x00000000d5580000)
  object space 220160K, 6% used [0x0000000080000000,0x0000000080e66590,0x000000008d700000)
 Metaspace       used 51112K, capacity 53310K, committed 53592K, reserved 1095680K
  class space    used 6818K, capacity 7249K, committed 7296K, reserved 1048576K
Event: 13.573 GC heap after
Heap after GC invocations=8 (full 2):
 PSYoungGen      total 193536K, used 16881K [0x00000000d5580000, 0x00000000e3700000, 0x0000000100000000)
  eden space 176640K, 0% used [0x00000000d5580000,0x00000000d5580000,0x00000000e0200000)
  from space 16896K, 99% used [0x00000000e1800000,0x00000000e287c5f8,0x00000000e2880000)
  to   space 22528K, 0% used [0x00000000e0200000,0x00000000e0200000,0x00000000e1800000)
 ParOldGen       total 220160K, used 20889K [0x0000000080000000, 0x000000008d700000, 0x00000000d5580000)
  object space 220160K, 9% used [0x0000000080000000,0x0000000081466718,0x000000008d700000)
 Metaspace       used 51112K, capacity 53310K, committed 53592K, reserved 1095680K
  class space    used 6818K, capacity 7249K, committed 7296K, reserved 1048576K
}

Deoptimization events (10 events):
Event: 13.492 Thread 0x000000001d7bf000 Uncommon trap: reason=unstable_if action=reinterpret pc=0x00000000036feca0 method=java.lang.ClassLoader.checkCerts(Ljava/lang/String;Ljava/security/CodeSource;)V @ 29
Event: 13.526 Thread 0x000000001d7bf000 Uncommon trap: reason=null_check action=make_not_entrant pc=0x0000000003086210 method=java.lang.Class.searchMethods([Ljava/lang/reflect/Method;Ljava/lang/String;[Ljava/lang/Class;)Ljava/lang/reflect/Method; @ 59
Event: 13.556 Thread 0x000000001d7bf000 Uncommon trap: reason=class_check action=maybe_recompile pc=0x000000000302d434 method=java.util.WeakHashMap.eq(Ljava/lang/Object;Ljava/lang/Object;)Z @ 7
Event: 13.675 Thread 0x000000001d7bf000 Uncommon trap: reason=unstable_if action=reinterpret pc=0x000000000375ade4 method=java.util.TreeMap.put(Ljava/lang/Object;Ljava/lang/Object;)Ljava/lang/Object; @ 163
Event: 14.020 Thread 0x000000001d7bf000 Uncommon trap: reason=unstable_if action=reinterpret pc=0x00000000032dd18c method=java.security.CodeSource.hashCode()I @ 4
Event: 14.069 Thread 0x000000001d7bf000 Uncommon trap: reason=class_check action=maybe_recompile pc=0x0000000002c71aa0 method=java.util.HashMap.putVal(ILjava/lang/Object;Ljava/lang/Object;ZZ)Ljava/lang/Object; @ 203
Event: 14.124 Thread 0x000000001d7bf000 Uncommon trap: reason=unstable_if action=reinterpret pc=0x000000000327b4ec method=java.lang.Class$MethodArray.removeLessSpecifics()V @ 25
Event: 14.125 Thread 0x000000001d7bf000 Uncommon trap: reason=unstable_if action=reinterpret pc=0x00000000038cb830 method=org.codehaus.groovy.runtime.metaclass.MetaMethodIndex.addMethodToList(Ljava/lang/Object;Lgroovy/lang/MetaMethod;)Ljava/lang/Object; @ 256
Event: 14.125 Thread 0x000000001d7bf000 Uncommon trap: reason=unstable_if action=reinterpret pc=0x00000000038dfcb4 method=org.codehaus.groovy.runtime.metaclass.MetaMethodIndex.addMethodToList(Ljava/lang/Object;Lgroovy/lang/MetaMethod;)Ljava/lang/Object; @ 256
Event: 14.153 Thread 0x000000001d7bf000 Uncommon trap: reason=class_check action=maybe_recompile pc=0x000000000302d434 method=java.util.WeakHashMap.eq(Ljava/lang/Object;Ljava/lang/Object;)Z @ 7

Classes redefined (0 events):
No events

Internal exceptions (10 events):
Event: 14.180 Thread 0x000000001d7bf000 Exception <a 'java/lang/ClassNotFoundException': org/gradle/api/internal/file/collections/DefaultConfigurableFileCollectionBeanInfo> (0x00000000d9d94138) thrown at [C:\src\AOSP-openjdk-git\hotspot\src\share\vm\classfile\systemDictionary.cpp, line 210]
Event: 14.180 Thread 0x000000001d7bf000 Exception <a 'java/lang/ClassNotFoundException': org/gradle/api/internal/file/collections/DefaultConfigurableFileCollectionCustomizer> (0x00000000d9db7c00) thrown at [C:\src\AOSP-openjdk-git\hotspot\src\share\vm\classfile\systemDictionary.cpp, line 210]
Event: 14.184 Thread 0x000000001d7bf000 Exception <a 'java/lang/ClassNotFoundException': org/gradle/api/internal/tasks/DefaultTaskContainer$TaskCreatingProvider_DecoratedBeanInfo> (0x00000000d9e6c070) thrown at [C:\src\AOSP-openjdk-git\hotspot\src\share\vm\classfile\systemDictionary.cpp, line 2
Event: 14.184 Thread 0x000000001d7bf000 Exception <a 'java/lang/ClassNotFoundException': org/gradle/api/internal/tasks/DefaultTaskContainer$TaskCreatingProviderBeanInfo> (0x00000000d9e8e318) thrown at [C:\src\AOSP-openjdk-git\hotspot\src\share\vm\classfile\systemDictionary.cpp, line 210]
Event: 14.184 Thread 0x000000001d7bf000 Exception <a 'java/lang/ClassNotFoundException': org/gradle/api/internal/DefaultNamedDomainObjectCollection$AbstractDomainObjectCreatingProviderBeanInfo> (0x00000000d9eb7190) thrown at [C:\src\AOSP-openjdk-git\hotspot\src\share\vm\classfile\systemDictiona
Event: 14.185 Thread 0x000000001d7bf000 Exception <a 'java/lang/ClassNotFoundException': org/gradle/api/internal/DefaultNamedDomainObjectCollection$AbstractNamedDomainObjectProviderBeanInfo> (0x00000000d9edf3f0) thrown at [C:\src\AOSP-openjdk-git\hotspot\src\share\vm\classfile\systemDictionary.
Event: 14.185 Thread 0x000000001d7bf000 Exception <a 'java/lang/ClassNotFoundException': org/gradle/api/internal/DefaultNamedDomainObjectCollection$AbstractNamedDomainObjectProviderCustomizer> (0x00000000d9f07c78) thrown at [C:\src\AOSP-openjdk-git\hotspot\src\share\vm\classfile\systemDictionar
Event: 14.186 Thread 0x000000001d7bf000 Exception <a 'java/lang/ClassNotFoundException': org/gradle/api/internal/DefaultNamedDomainObjectCollection$AbstractDomainObjectCreatingProviderCustomizer> (0x00000000d9f41258) thrown at [C:\src\AOSP-openjdk-git\hotspot\src\share\vm\classfile\systemDictio
Event: 14.187 Thread 0x000000001d7bf000 Exception <a 'java/lang/ClassNotFoundException': org/gradle/api/internal/tasks/DefaultTaskContainer$TaskCreatingProviderCustomizer> (0x00000000d9f71110) thrown at [C:\src\AOSP-openjdk-git\hotspot\src\share\vm\classfile\systemDictionary.cpp, line 210]
Event: 14.187 Thread 0x000000001d7bf000 Exception <a 'java/lang/ClassNotFoundException': org/gradle/api/internal/tasks/DefaultTaskContainer$TaskCreatingProvider_DecoratedCustomizer> (0x00000000d9f9fbd8) thrown at [C:\src\AOSP-openjdk-git\hotspot\src\share\vm\classfile\systemDictionary.cpp, line

Events (10 events):
Event: 14.187 loading class org/gradle/api/internal/tasks/DefaultTaskContainer$TaskCreatingProvider_DecoratedCustomizer
Event: 14.187 loading class org/gradle/api/internal/tasks/DefaultTaskContainer$TaskCreatingProvider_DecoratedCustomizer done
Event: 14.190 loading class com/android/build/api/component/impl/ComponentPropertiesImpl
Event: 14.190 loading class com/android/build/api/component/impl/ComponentPropertiesImpl done
Event: 14.191 loading class com/android/build/api/component/impl/ComponentPropertiesImpl
Event: 14.191 loading class com/android/build/api/component/impl/ComponentPropertiesImpl done
Event: 14.191 Thread 0x000000001d7bf000 DEOPT PACKING pc=0x0000000002acaa22 sp=0x000000001fb5ad50
Event: 14.191 Thread 0x000000001d7bf000 DEOPT UNPACKING pc=0x00000000027975d0 sp=0x000000001fb5aac0 mode 0
Event: 14.191 loading class android/databinding/tool/DataBindingBuilder$Versions
Event: 14.191 loading class android/databinding/tool/DataBindingBuilder$Versions done


Dynamic libraries:
0x00007ff6c2990000 - 0x00007ff6c29c1000 	E:\Android Studio\jre\bin\java.exe
0x00007ffb5f590000 - 0x00007ffb5f785000 	C:\WINDOWS\SYSTEM32\ntdll.dll
0x00007ffb5ec90000 - 0x00007ffb5ed4d000 	C:\WINDOWS\System32\KERNEL32.DLL
0x00007ffb5d1a0000 - 0x00007ffb5d468000 	C:\WINDOWS\System32\KERNELBASE.dll
0x00007ffb5e100000 - 0x00007ffb5e1ac000 	C:\WINDOWS\System32\ADVAPI32.dll
0x00007ffb5d690000 - 0x00007ffb5d72e000 	C:\WINDOWS\System32\msvcrt.dll
0x00007ffb5dbd0000 - 0x00007ffb5dc6b000 	C:\WINDOWS\System32\sechost.dll
0x00007ffb5e510000 - 0x00007ffb5e63b000 	C:\WINDOWS\System32\RPCRT4.dll
0x00007ffb5e250000 - 0x00007ffb5e3f0000 	C:\WINDOWS\System32\USER32.dll
0x00007ffb5d5d0000 - 0x00007ffb5d5f2000 	C:\WINDOWS\System32\win32u.dll
0x00007ffb5e710000 - 0x00007ffb5e73a000 	C:\WINDOWS\System32\GDI32.dll
0x00007ffb5cf60000 - 0x00007ffb5d06b000 	C:\WINDOWS\System32\gdi32full.dll
0x00007ffb5ce60000 - 0x00007ffb5cefd000 	C:\WINDOWS\System32\msvcp_win.dll
0x00007ffb5d070000 - 0x00007ffb5d170000 	C:\WINDOWS\System32\ucrtbase.dll
0x00007ffb47e60000 - 0x00007ffb480fa000 	C:\WINDOWS\WinSxS\amd64_microsoft.windows.common-controls_6595b64144ccf1df_6.0.19041.1052_none_60b8f8fd71f5e8cb\COMCTL32.dll
0x00007ffb5dba0000 - 0x00007ffb5dbd0000 	C:\WINDOWS\System32\IMM32.DLL
0x0000000072ec0000 - 0x0000000072f92000 	E:\Android Studio\jre\jre\bin\msvcr100.dll
0x0000000073080000 - 0x00000000738cb000 	E:\Android Studio\jre\jre\bin\server\jvm.dll
0x00007ffb5e0f0000 - 0x00007ffb5e0f8000 	C:\WINDOWS\System32\PSAPI.DLL
0x00007ffb4a1c0000 - 0x00007ffb4a1c9000 	C:\WINDOWS\SYSTEM32\WSOCK32.dll
0x00007ffb4e5b0000 - 0x00007ffb4e5d7000 	C:\WINDOWS\SYSTEM32\WINMM.dll
0x00007ffb589d0000 - 0x00007ffb589da000 	C:\WINDOWS\SYSTEM32\VERSION.dll
0x00007ffb5e740000 - 0x00007ffb5e7ab000 	C:\WINDOWS\System32\WS2_32.dll
0x00007ffb589c0000 - 0x00007ffb589cf000 	E:\Android Studio\jre\jre\bin\verify.dll
0x00007ffb56000000 - 0x00007ffb56029000 	E:\Android Studio\jre\jre\bin\java.dll
0x00007ffb562c0000 - 0x00007ffb562d6000 	E:\Android Studio\jre\jre\bin\zip.dll
0x00007ffb5ed50000 - 0x00007ffb5f48f000 	C:\WINDOWS\System32\SHELL32.dll
0x00007ffb5ae40000 - 0x00007ffb5b5d0000 	C:\WINDOWS\SYSTEM32\windows.storage.dll
0x00007ffb5dce0000 - 0x00007ffb5e035000 	C:\WINDOWS\System32\combase.dll
0x00007ffb5c740000 - 0x00007ffb5c76c000 	C:\WINDOWS\SYSTEM32\Wldp.dll
0x00007ffb5e040000 - 0x00007ffb5e0ee000 	C:\WINDOWS\System32\SHCORE.dll
0x00007ffb5f490000 - 0x00007ffb5f4e5000 	C:\WINDOWS\System32\shlwapi.dll
0x00007ffb5cc10000 - 0x00007ffb5cc2f000 	C:\WINDOWS\SYSTEM32\profapi.dll
0x00007ffb56280000 - 0x00007ffb5629a000 	E:\Android Studio\jre\jre\bin\net.dll
0x00007ffb5c4b0000 - 0x00007ffb5c51a000 	C:\WINDOWS\system32\mswsock.dll
0x00007ffb524c0000 - 0x00007ffb524d3000 	E:\Android Studio\jre\jre\bin\nio.dll
0x00007ffb44460000 - 0x00007ffb44487000 	E:\Android Studio\.gradle\native\f6784746aeab05261644944871eae4fe03e0ef1612fff0a4a95f87b438bc6780\windows-amd64\native-platform.dll
0x00007ffb589b0000 - 0x00007ffb589bd000 	E:\Android Studio\jre\jre\bin\management.dll
0x00007ffb5c690000 - 0x00007ffb5c6a8000 	C:\WINDOWS\SYSTEM32\CRYPTSP.dll
0x00007ffb5bde0000 - 0x00007ffb5be14000 	C:\WINDOWS\system32\rsaenh.dll
0x00007ffb5d170000 - 0x00007ffb5d197000 	C:\WINDOWS\System32\bcrypt.dll
0x00007ffb5cbd0000 - 0x00007ffb5cbfe000 	C:\WINDOWS\SYSTEM32\USERENV.dll
0x00007ffb5ccd0000 - 0x00007ffb5cd53000 	C:\WINDOWS\System32\bcryptprimitives.dll
0x00007ffb5c680000 - 0x00007ffb5c68c000 	C:\WINDOWS\SYSTEM32\CRYPTBASE.dll
0x00007ffb5c150000 - 0x00007ffb5c18b000 	C:\WINDOWS\SYSTEM32\IPHLPAPI.DLL
0x00007ffb5dcd0000 - 0x00007ffb5dcd8000 	C:\WINDOWS\System32\NSI.dll
0x00007ffb576a0000 - 0x00007ffb576b7000 	C:\WINDOWS\SYSTEM32\dhcpcsvc6.DLL
0x00007ffb57260000 - 0x00007ffb5727d000 	C:\WINDOWS\SYSTEM32\dhcpcsvc.DLL
0x00007ffb5c190000 - 0x00007ffb5c25c000 	C:\WINDOWS\SYSTEM32\DNSAPI.dll
0x00007ffb576c0000 - 0x00007ffb576cb000 	C:\WINDOWS\SYSTEM32\WINNSI.DLL

VM Arguments:
jvm_args: -Xmx2048m -Dfile.encoding=windows-1252 -Duser.country=FR -Duser.language=fr -Duser.variant 
java_command: org.gradle.launcher.daemon.bootstrap.GradleDaemon 6.5
java_class_path (initial): E:\Android Studio\.gradle\wrapper\dists\gradle-6.5-all\2oz4ud9k3tuxjg84bbf55q0tn\gradle-6.5\lib\gradle-launcher-6.5.jar
Launcher Type: SUN_STANDARD

Environment Variables:
PATH=C:\Program Files (x86)\Razer Chroma SDK\bin;C:\Program Files\Razer Chroma SDK\bin;C:\Program Files (x86)\Razer\ChromaBroadcast\bin;C:\Program Files\Razer\ChromaBroadcast\bin;C:\Program Files (x86)\Common Files\Oracle\Java\javapath;E:\JDK\bin;C:\WINDOWS\system32;C:\WINDOWS;C:\WINDOWS\System32\Wbem;C:\WINDOWS\System32\WindowsPowerShell\v1.0\;C:\WINDOWS\System32\OpenSSH\;C:\Program Files (x86)\NVIDIA Corporation\PhysX\Common;C:\Program Files\NVIDIA Corporation\NVIDIA NvDLISR;C:\Program Files\Git\cmd;C:\WINDOWS\system32\config\systemprofile\AppData\Local\Microsoft\WindowsApps;;%SystemRoot%\system32;%SystemRoot%;%SystemRoot%\System32\Wbem;%SYSTEMROOT%\System32\WindowsPowerShell\v1.0\;%SYSTEMROOT%\System32\OpenSSH\;C:\Users\rochefamily\AppData\Local\Microsoft\WindowsApps;C:\Users\rochefamily\AppData\Local\Programs\Microsoft VS Code\bin;C:\Users\rochefamily\AppData\Local\GitHubDesktop\bin;%USERPROFILE%\AppData\Local\Microsoft\WindowsApps;
USERNAME=rochefamily
OS=Windows_NT
PROCESSOR_IDENTIFIER=Intel64 Family 6 Model 165 Stepping 5, GenuineIntel



---------------  S Y S T E M  ---------------

OS: Windows 10.0 , 64 bit Build 19041 (10.0.19041.1023)

CPU:total 16 (initial active 16) (8 cores per cpu, 2 threads per core) family 6 model 165 stepping 5, cmov, cx8, fxsr, mmx, sse, sse2, sse3, ssse3, sse4.1, sse4.2, popcnt, avx, avx2, aes, clmul, erms, 3dnowpref, lzcnt, ht, tsc, tscinvbit, bmi1, bmi2, adx

Memory: 4k page, physical 33471964k(5394128k free), swap 49987288k(5360k free)

vm_info: OpenJDK 64-Bit Server VM (25.242-b01) for windows-amd64 JRE (1.8.0_242-release-1644-b01), built by "builder" with MS VC++ 10.0 (VS2010)

time: Tue Jul 06 14:41:26 2021
timezone: Paris, Madrid (heure d’été)
elapsed time: 14 seconds (0d 0h 0m 14s)

